INFO         | Android emulator version 36.4.10.0 (build_id 15004761) (CL:N/A)
INFO         | Graphics backend: gfxstream
INFO         | Found systemPath /Users/proapple/development/android-sdk/system-images/android-34/google_apis/x86_64/
INFO         | Increasing RAM size to 2048MB
INFO         | Guest GLES Driver: Auto (ext controls)
INFO         | emuglConfig_init: vulkan_mode_selected:swiftshader gles_mode_selected:host
INFO         | Checking system compatibility:
INFO         |   Checking: hasSufficientDiskSpace
INFO         |      Ok: Disk space requirements to run avd: `AutoTeleprompt_Test` are met
INFO         |   Checking: hasSufficientHwGpu
INFO         |      Ok: Hardware GPU compatibility checks are not required
INFO         |   Checking: hasSufficientSystem
INFO         |      Ok: System requirements to run avd: `AutoTeleprompt_Test` are met
INFO         | Storing crashdata in: /tmp/android-proapple/emu-crash-36.4.10.db, detection is enabled for process: 6646
INFO         | Initializing gfxstream backend
INFO         | android_startOpenglesRenderer: gpu info
INFO         | GPU #1
  Make: 8086
  Model: 0d26
  Device ID: 0d26

INFO         | initIcdPaths: ICD set to 'swiftshader', using Swiftshader ICD
INFO         | Setting ICD filenames for the loader = /Users/proapple/development/android-sdk/emulator/lib64/vulkan/vk_swiftshader_icd.json
INFO         | SharedLibrary::open for [/Users/proapple/development/android-sdk/emulator/qemu/darwin-x86_64/lib64/vulkan/libvulkan.dylib]
INFO         | Added library: /Users/proapple/development/android-sdk/emulator/qemu/darwin-x86_64/lib64/vulkan/libvulkan.dylib
INFO         | Enabling Vulkan portability.
INFO         | Selecting Vulkan device: SwiftShader Device (Subzero), Version: 1.3.0
INFO         | Initializing VkEmulation features:
INFO         |     glInteropSupported: false
INFO         |     useDeferredCommands: true
INFO         |     createResourceWithRequirements: true
INFO         |     useVulkanComposition: false
INFO         |     useVulkanNativeSwapchain: false
INFO         |     enable guestRenderDoc: false
INFO         |     ASTC LDR emulation mode: Gpu
INFO         |     enable ETC2 emulation: true
INFO         |     enable Ycbcr emulation: false
INFO         |     guestVulkanOnly: false
INFO         |     useDedicatedAllocations: false
INFO         | Graphics Adapter Vendor Google (Intel Inc.)
INFO         | Graphics Adapter Android Emulator OpenGL ES Translator (Intel Iris Pro OpenGL Engine)
INFO         | Graphics API Version OpenGL ES 3.0 (4.1 INTEL-18.8.16)
INFO         | Graphics API Extensions GL_OES_EGL_sync GL_OES_EGL_image GL_OES_EGL_image_external GL_OES_depth24 GL_OES_depth32 GL_OES_element_index_uint GL_OES_texture_float GL_OES_texture_float_linear GL_OES_compressed_paletted_texture GL_OES_compressed_ETC1_RGB8_texture GL_OES_depth_texture GL_OES_texture_npot GL_OES_rgb8_rgba8 GL_EXT_color_buffer_float GL_EXT_color_buffer_half_float GL_EXT_texture_format_BGRA8888 GL_APPLE_texture_format_BGRA8888 
INFO         | Graphics Device Extensions N/A
INFO         | Disabling sparse binding feature support
INFO         | Sending adb public key [QAAAAFdT1v6ZtzPu/jELrLa2WgRdpuJrUEeK5bVduoQpAI1UQ0gYsizACEagC8qcRQiwwDOZNofE6pOyaMdkNApmBrbkJaB3TWxCF/6aExKC5Ih6SzD9gC2y3kITuWK1NSVzax5B022XPQTyppsN4bStt+7XxNVORuC89T2P/J5c0ptpH159dskIH59wTACGq9xZDS+OwUZzRzDtPCkl/KEfPsf/Nvio6M1SeUkPHzqTUIoQCZqfjDhdrJL7bjg+B2+FnmQGuWGim2ISZe0GE2gTlOhP7lDqdNku5dBv2RYeD8IY/HCOfqEl6y8jsN69XveIBl7MTAH13prP7zui/yIYOXgCyOfbrTRlz77CadWi0sgfUyKhsCeZc5KAO6WgKIutKCqTIR/xLqnHHMUNaGf1/JSB1/m78z10VFK/3o91AnbxIz1mTy0L/sMkpT/yO3nYcNxPCyHUCmWYxbL/oaoIIuSLXDMnPgwawOlKnGYH1cUqxUYtg5KXXNkCQrM2K0fKHgDMpbSTcU/6CK0EKA5vU5CumcXSZIxJcG2wEHr4OmEZBRg1e0DV20rHHXSRQeSQ/mKBXxDIBLyCjvPuNOC3XG5l+17/sq/FgdrvgzZ/69uUoZxWsrWkd4/kqv2/K/sT00p5UXhAHIwiNiDrdWuUKP/cA6lvIGTrk6y9RykYEWJ/URooSgEAAQA= proapple@unknown]
INFO         | Userspace boot properties:
INFO         |   androidboot.boot_devices=pci0000:00/0000:00:03.0 pci0000:00/0000:00:06.0
INFO         |   androidboot.dalvik.vm.heapsize=512m
INFO         |   androidboot.debug.hwui.renderer=skiagl
INFO         |   androidboot.hardware=ranchu
INFO         |   androidboot.hardware.gltransport=pipe
INFO         |   androidboot.hardware.vulkan=ranchu
INFO         |   androidboot.logcat=*:V
INFO         |   androidboot.opengles.version=196608
INFO         |   androidboot.qemu=1
INFO         |   androidboot.qemu.adb.pubkey=QAAAAFdT1v6ZtzPu/jELrLa2WgRdpuJrUEeK5bVduoQpAI1UQ0gYsizACEagC8qcRQiwwDOZNofE6pOyaMdkNApmBrbkJaB3TWxCF/6aExKC5Ih6SzD9gC2y3kITuWK1NSVzax5B022XPQTyppsN4bStt+7XxNVORuC89T2P/J5c0ptpH159dskIH59wTACGq9xZDS+OwUZzRzDtPCkl/KEfPsf/Nvio6M1SeUkPHzqTUIoQCZqfjDhdrJL7bjg+B2+FnmQGuWGim2ISZe0GE2gTlOhP7lDqdNku5dBv2RYeD8IY/HCOfqEl6y8jsN69XveIBl7MTAH13prP7zui/yIYOXgCyOfbrTRlz77CadWi0sgfUyKhsCeZc5KAO6WgKIutKCqTIR/xLqnHHMUNaGf1/JSB1/m78z10VFK/3o91AnbxIz1mTy0L/sMkpT/yO3nYcNxPCyHUCmWYxbL/oaoIIuSLXDMnPgwawOlKnGYH1cUqxUYtg5KXXNkCQrM2K0fKHgDMpbSTcU/6CK0EKA5vU5CumcXSZIxJcG2wEHr4OmEZBRg1e0DV20rHHXSRQeSQ/mKBXxDIBLyCjvPuNOC3XG5l+17/sq/FgdrvgzZ/69uUoZxWsrWkd4/kqv2/K/sT00p5UXhAHIwiNiDrdWuUKP/cA6lvIGTrk6y9RykYEWJ/URooSgEAAQA= proapple@unknown
INFO         |   androidboot.qemu.avd_name=AutoTeleprompt_Test
INFO         |   androidboot.qemu.camera_hq_edge_processing=0
INFO         |   androidboot.qemu.camera_protocol_ver=1
INFO         |   androidboot.qemu.cpuvulkan.version=4202496
INFO         |   androidboot.qemu.gltransport.drawFlushInterval=800
INFO         |   androidboot.qemu.gltransport.name=pipe
INFO         |   androidboot.qemu.hwcodec.avcdec=2
INFO         |   androidboot.qemu.hwcodec.hevcdec=2
INFO         |   androidboot.qemu.hwcodec.vpxdec=2
INFO         |   androidboot.qemu.settings.system.screen_off_timeout=2147483647
INFO         |   androidboot.qemu.skin=1080x2400
INFO         |   androidboot.qemu.virtiowifi=1
INFO         |   androidboot.qemu.vsync=60
INFO         |   androidboot.serialno=EMULATOR36X4X10X0
INFO         |   androidboot.vbmeta.digest=451e57ed688ff746d2c636d52169ade253e2bc5bb30a5c3ff23679ca15d3bcd3
INFO         |   androidboot.vbmeta.hash_alg=sha256
INFO         |   androidboot.vbmeta.size=6656
INFO         |   androidboot.veritymode=enforcing
INFO         | Monitoring duration of emulator setup.
WARNING      | The emulator now requires a signed jwt token for gRPC access! Use the -grpc flag if you really want an open unprotected grpc port
INFO         | Using security allow list from: /Users/proapple/development/android-sdk/emulator/lib/emulator_access.json
WARNING      | *** Basic token auth should only be used by android-studio ***
INFO         | The active JSON Web Key Sets can be found here: /Users/proapple/Library/Caches/TemporaryItems/avd/running/6646/jwks/058dca45-a285-460b-9e30-ea70706a365e/active.jwk
INFO         | Scanning /Users/proapple/Library/Caches/TemporaryItems/avd/running/6646/jwks/058dca45-a285-460b-9e30-ea70706a365e for jwk keys.
INFO         | Started GRPC server at 127.0.0.1:8554, security: Local, auth: +token
INFO         | Advertising in: /Users/proapple/Library/Caches/TemporaryItems/avd/running/pid_6646.ini
INFO         | Setting display: 0 configuration to: 1080x2400, dpi: 420x420 
INFO         | setDisplayActiveConfig 0
INFO         | Checking system compatibility:
INFO         |   Checking: hasSufficientDiskSpace
INFO         |      Ok: Disk space requirements to run avd: `AutoTeleprompt_Test` are met
INFO         |   Checking: hasSufficientHwGpu
INFO         |      Ok: Hardware GPU compatibility checks are not required
INFO         |   Checking: hasSufficientSystem
INFO         |      Ok: System requirements to run avd: `AutoTeleprompt_Test` are met
INFO         | Warning: QMetaObject::connectSlotsByName: No matching signal for on_rgbcSensorValueWidget_valueChanged() (:0, )
INFO         | Warning: QMetaObject::connectSlotsByName: No matching signal for on_posture_valueChanged(int) (:0, )
INFO         | Warning: QObject::connect: Cannot queue arguments of type 'std::vector<android::emulation::control::SnapshotInfo>'
(Make sure 'std::vector<android::emulation::control::SnapshotInfo>' is registered using qRegisterMetaType().) (:0, )
INFO         | AVD supportsNativeGLES=1, supportsGuestAngle=0
INFO         | Platform does not support Guest Angle
INFO         | Created extended window in 713.979ms
INFO         | Activated packet streamer for bluetooth emulation
INFO         | Boot completed in 26819 ms
INFO         | Increasing screen off timeout, logcat buffer size to 2M.
INFO         | Warning: skipping QEventPoint(id=1 ts=0 pos=0,0 scn=217.81,284.877 gbl=217.81,284.877 Released ellipse=(1x1 ∡ 0) vel=0,0 press=-217.81,-284.877 last=-217.81,-284.877 Δ 217.81,284.877) : no target window (:0, )
INFO         | Warning: skipping QEventPoint(id=1 ts=0 pos=0,0 scn=217.762,88.0415 gbl=217.762,88.0415 Released ellipse=(1x1 ∡ 0) vel=0,0 press=-217.762,-88.0415 last=-217.762,-88.0415 Δ 217.762,88.0415) : no target window (:0, )
INFO         | Warning: skipping QEventPoint(id=1 ts=0 pos=0,0 scn=317.097,384.4 gbl=317.097,384.4 Released ellipse=(1x1 ∡ 0) vel=0,0 press=-317.097,-384.4 last=-317.097,-384.4 Δ 317.097,384.4) : no target window (:0, )
INFO         | Warning: skipping QEventPoint(id=1 ts=0 pos=0,0 scn=364.093,148.977 gbl=364.093,148.977 Released ellipse=(1x1 ∡ 0) vel=0,0 press=-364.093,-148.977 last=-364.093,-148.977 Δ 364.093,148.977) : no target window (:0, )
INFO         | Warning: skipping QEventPoint(id=1 ts=0 pos=0,0 scn=334.873,466.525 gbl=334.873,466.525 Released ellipse=(1x1 ∡ 0) vel=0,0 press=-334.873,-466.525 last=-334.873,-466.525 Δ 334.873,466.525) : no target window (:0, )
INFO         | Warning: skipping QEventPoint(id=1 ts=0 pos=0,0 scn=341.916,451.473 gbl=341.916,451.473 Released ellipse=(1x1 ∡ 0) vel=0,0 press=-341.916,-451.473 last=-341.916,-451.473 Δ 341.916,451.473) : no target window (:0, )
INFO         | Warning: skipping QEventPoint(id=1 ts=0 pos=0,0 scn=317.117,459.793 gbl=317.117,459.793 Released ellipse=(1x1 ∡ 0) vel=0,0 press=-317.117,-459.793 last=-317.117,-459.793 Δ 317.117,459.793) : no target window (:0, )
INFO         | Warning: skipping QEventPoint(id=1 ts=0 pos=0,0 scn=297.65,540.493 gbl=297.65,540.493 Released ellipse=(1x1 ∡ 0) vel=0,0 press=-297.65,-540.493 last=-297.65,-540.493 Δ 297.65,540.493) : no target window (:0, )
INFO         | Warning: skipping QEventPoint(id=1 ts=0 pos=0,0 scn=354.67,244.306 gbl=354.67,244.306 Released ellipse=(1x1 ∡ 0) vel=0,0 press=-354.67,-244.306 last=-354.67,-244.306 Δ 354.67,244.306) : no target window (:0, )
INFO         | Warning: skipping QEventPoint(id=1 ts=0 pos=0,0 scn=196.331,136.926 gbl=196.331,136.926 Released ellipse=(1x1 ∡ 0) vel=0,0 press=-196.331,-136.926 last=-196.331,-136.926 Δ 196.331,136.926) : no target window (:0, )
INFO         | Created VkInstance:0x7fb4e4ab7a00 for application:'Chromium' engine:''.
../../third_party/SwiftShader/src/Vulkan/VkPhysicalDevice.cpp:649 WARNING: UNSUPPORTED: curExtension->sType: 1000338000
../../third_party/SwiftShader/src/Vulkan/VkPhysicalDevice.cpp:649 WARNING: UNSUPPORTED: curExtension->sType: 1000437000
../../third_party/SwiftShader/src/Vulkan/VkPhysicalDevice.cpp:649 WARNING: UNSUPPORTED: curExtension->sType: 1000338000
../../third_party/SwiftShader/src/Vulkan/VkPhysicalDevice.cpp:649 WARNING: UNSUPPORTED: curExtension->sType: 1000437000
../../third_party/SwiftShader/src/Vulkan/VkPhysicalDevice.cpp:649 WARNING: UNSUPPORTED: curExtension->sType: 1000338000
../../third_party/SwiftShader/src/Vulkan/VkPhysicalDevice.cpp:649 WARNING: UNSUPPORTED: curExtension->sType: 1000437000
../../third_party/SwiftShader/src/Vulkan/VkPhysicalDevice.cpp:649 WARNING: UNSUPPORTED: curExtension->sType: 1000338000
../../third_party/SwiftShader/src/Vulkan/VkPhysicalDevice.cpp:649 WARNING: UNSUPPORTED: curExtension->sType: 1000437000
../../third_party/SwiftShader/src/Vulkan/VkPhysicalDevice.cpp:649 WARNING: UNSUPPORTED: curExtension->sType: 1000338000
../../third_party/SwiftShader/src/Vulkan/VkPhysicalDevice.cpp:649 WARNING: UNSUPPORTED: curExtension->sType: 1000437000
../../third_party/SwiftShader/src/Vulkan/VkPhysicalDevice.cpp:649 WARNING: UNSUPPORTED: curExtension->sType: 1000338000
../../third_party/SwiftShader/src/Vulkan/VkPhysicalDevice.cpp:649 WARNING: UNSUPPORTED: curExtension->sType: 1000437000
../../third_party/SwiftShader/src/Vulkan/VkPhysicalDevice.cpp:649 WARNING: UNSUPPORTED: curExtension->sType: 1000338000
../../third_party/SwiftShader/src/Vulkan/VkPhysicalDevice.cpp:649 WARNING: UNSUPPORTED: curExtension->sType: 1000437000
../../third_party/SwiftShader/src/Vulkan/VkPhysicalDevice.cpp:649 WARNING: UNSUPPORTED: curExtension->sType: 1000338000
../../third_party/SwiftShader/src/Vulkan/VkPhysicalDevice.cpp:649 WARNING: UNSUPPORTED: curExtension->sType: 1000437000
../../third_party/SwiftShader/src/Vulkan/VkPhysicalDevice.cpp:649 WARNING: UNSUPPORTED: curExtension->sType: 1000163000
../../third_party/SwiftShader/src/Vulkan/libVulkan.cpp:1129 WARNING: UNSUPPORTED: pCreateInfo->pNext sType = 1000163000
INFO         | Created VkDevice:0x7fb4cbe8d010 for application:'Chromium' instance:0x7fb4e4ab7a00. ASTC emulation:on CPU decoding:off.
../../third_party/SwiftShader/src/Vulkan/VkPhysicalDevice.cpp:649 WARNING: UNSUPPORTED: curExtension->sType: 1000338000
../../third_party/SwiftShader/src/Vulkan/VkPhysicalDevice.cpp:649 WARNING: UNSUPPORTED: curExtension->sType: 1000437000
../../third_party/SwiftShader/src/Vulkan/VkPhysicalDevice.cpp:649 WARNING: UNSUPPORTED: curExtension->sType: 1000338000
../../third_party/SwiftShader/src/Vulkan/VkPhysicalDevice.cpp:649 WARNING: UNSUPPORTED: curExtension->sType: 1000437000
../../third_party/SwiftShader/src/Vulkan/VkPhysicalDevice.cpp:649 WARNING: UNSUPPORTED: curExtension->sType: 1000338000
../../third_party/SwiftShader/src/Vulkan/VkPhysicalDevice.cpp:649 WARNING: UNSUPPORTED: curExtension->sType: 1000437000
../../third_party/SwiftShader/src/Vulkan/VkPhysicalDevice.cpp:649 WARNING: UNSUPPORTED: curExtension->sType: 1000338000
../../third_party/SwiftShader/src/Vulkan/VkPhysicalDevice.cpp:649 WARNING: UNSUPPORTED: curExtension->sType: 1000437000
INFO         | Warning: skipping QEventPoint(id=1 ts=0 pos=0,0 scn=281.646,596.54 gbl=281.646,596.54 Released ellipse=(1x1 ∡ 0) vel=0,0 press=-281.646,-596.54 last=-281.646,-596.54 Δ 281.646,596.54) : no target window (:0, )
INFO         | Warning: skipping QEventPoint(id=1 ts=0 pos=0,0 scn=219.664,515.365 gbl=219.664,515.365 Released ellipse=(1x1 ∡ 0) vel=0,0 press=-219.664,-515.365 last=-219.664,-515.365 Δ 219.664,515.365) : no target window (:0, )
coreaudio: Could not initialize record
coreaudio: Could not set audio format change listener
coreaudio: Reason: kAudioHardwareIllegalOperationError
coreaudio: Could not initialize record
coreaudio: Could not set audio format change listener
coreaudio: Reason: kAudioHardwareIllegalOperationError
Failed to create voice `virtio-snd-mic0'
INFO         | Warning: skipping QEventPoint(id=1 ts=0 pos=0,0 scn=162.194,750.144 gbl=162.194,750.144 Released ellipse=(1x1 ∡ 0) vel=0,0 press=-162.194,-750.144 last=-162.194,-750.144 Δ 162.194,750.144) : no target window (:0, )
ERROR        | bad color buffer handle 268
INFO         | Warning: skipping QEventPoint(id=0 ts=0 pos=0,0 scn=288.485,763.267 gbl=288.485,763.267 Released ellipse=(1x1 ∡ 0) vel=0,0 press=-288.485,-763.267 last=-288.485,-763.267 Δ 288.485,763.267) : no target window (:0, )
INFO         | Warning: skipping QEventPoint(id=1 ts=0 pos=0,0 scn=129.576,689.618 gbl=129.576,689.618 Released ellipse=(1x1 ∡ 0) vel=0,0 press=-129.576,-689.618 last=-129.576,-689.618 Δ 129.576,689.618) : no target window (:0, )
ERROR        | bad color buffer handle 351
INFO         | Destroyed VkDevice:0x7fb4cbe8d010
INFO         | Destroyed VkInstance:0x7fb4e4ab7a00 for application:'Chromium' engine:''.
ERROR        | bad color buffer handle 402
INFO         | Warning: skipping QEventPoint(id=1 ts=0 pos=0,0 scn=333.397,708.736 gbl=333.397,708.736 Released ellipse=(1x1 ∡ 0) vel=0,0 press=-333.397,-708.736 last=-333.397,-708.736 Δ 333.397,708.736) : no target window (:0, )
ERROR        | bad color buffer handle 527
INFO         | Warning: skipping QEventPoint(id=1 ts=0 pos=0,0 scn=158.708,377.911 gbl=158.708,377.911 Released ellipse=(1x1 ∡ 0) vel=0,0 press=-158.708,-377.911 last=-158.708,-377.911 Δ 158.708,377.911) : no target window (:0, )
INFO         | Warning: skipping QEventPoint(id=1 ts=0 pos=0,0 scn=189.757,389.784 gbl=189.757,389.784 Released ellipse=(1x1 ∡ 0) vel=0,0 press=-189.757,-389.784 last=-189.757,-389.784 Δ 189.757,389.784) : no target window (:0, )
INFO         | Warning: skipping QEventPoint(id=1 ts=0 pos=0,0 scn=178.039,498.602 gbl=178.039,498.602 Released ellipse=(1x1 ∡ 0) vel=0,0 press=-178.039,-498.602 last=-178.039,-498.602 Δ 178.039,498.602) : no target window (:0, )
INFO         | Warning: skipping QEventPoint(id=1 ts=0 pos=0,0 scn=285.509,730.846 gbl=285.509,730.846 Released ellipse=(1x1 ∡ 0) vel=0,0 press=-285.509,-730.846 last=-285.509,-730.846 Δ 285.509,730.846) : no target window (:0, )
INFO         | Warning: skipping QEventPoint(id=1 ts=0 pos=0,0 scn=287.697,428.549 gbl=287.697,428.549 Released ellipse=(1x1 ∡ 0) vel=0,0 press=-287.697,-428.549 last=-287.697,-428.549 Δ 287.697,428.549) : no target window (:0, )
INFO         | Created VkInstance:0x7fb4e900c000 for application:'Chromium' engine:''.
../../third_party/SwiftShader/src/Vulkan/VkPhysicalDevice.cpp:649 WARNING: UNSUPPORTED: curExtension->sType: 1000338000
../../third_party/SwiftShader/src/Vulkan/VkPhysicalDevice.cpp:649 WARNING: UNSUPPORTED: curExtension->sType: 1000437000
../../third_party/SwiftShader/src/Vulkan/VkPhysicalDevice.cpp:649 WARNING: UNSUPPORTED: curExtension->sType: 1000338000
../../third_party/SwiftShader/src/Vulkan/VkPhysicalDevice.cpp:649 WARNING: UNSUPPORTED: curExtension->sType: 1000437000
../../third_party/SwiftShader/src/Vulkan/VkPhysicalDevice.cpp:649 WARNING: UNSUPPORTED: curExtension->sType: 1000338000
../../third_party/SwiftShader/src/Vulkan/VkPhysicalDevice.cpp:649 WARNING: UNSUPPORTED: curExtension->sType: 1000437000
../../third_party/SwiftShader/src/Vulkan/VkPhysicalDevice.cpp:649 WARNING: UNSUPPORTED: curExtension->sType: 1000338000
../../third_party/SwiftShader/src/Vulkan/VkPhysicalDevice.cpp:649 WARNING: UNSUPPORTED: curExtension->sType: 1000437000
../../third_party/SwiftShader/src/Vulkan/VkPhysicalDevice.cpp:649 WARNING: UNSUPPORTED: curExtension->sType: 1000338000
../../third_party/SwiftShader/src/Vulkan/VkPhysicalDevice.cpp:649 WARNING: UNSUPPORTED: curExtension->sType: 1000437000
../../third_party/SwiftShader/src/Vulkan/VkPhysicalDevice.cpp:649 WARNING: UNSUPPORTED: curExtension->sType: 1000338000
../../third_party/SwiftShader/src/Vulkan/VkPhysicalDevice.cpp:649 WARNING: UNSUPPORTED: curExtension->sType: 1000437000
../../third_party/SwiftShader/src/Vulkan/VkPhysicalDevice.cpp:649 WARNING: UNSUPPORTED: curExtension->sType: 1000338000
../../third_party/SwiftShader/src/Vulkan/VkPhysicalDevice.cpp:649 WARNING: UNSUPPORTED: curExtension->sType: 1000437000
../../third_party/SwiftShader/src/Vulkan/VkPhysicalDevice.cpp:649 WARNING: UNSUPPORTED: curExtension->sType: 1000338000
../../third_party/SwiftShader/src/Vulkan/VkPhysicalDevice.cpp:649 WARNING: UNSUPPORTED: curExtension->sType: 1000437000
../../third_party/SwiftShader/src/Vulkan/VkPhysicalDevice.cpp:649 WARNING: UNSUPPORTED: curExtension->sType: 1000163000
../../third_party/SwiftShader/src/Vulkan/libVulkan.cpp:1129 WARNING: UNSUPPORTED: pCreateInfo->pNext sType = 1000163000
INFO         | Created VkDevice:0x7fb4b773b010 for application:'Chromium' instance:0x7fb4e900c000. ASTC emulation:on CPU decoding:off.
../../third_party/SwiftShader/src/Vulkan/VkPhysicalDevice.cpp:649 WARNING: UNSUPPORTED: curExtension->sType: 1000338000
../../third_party/SwiftShader/src/Vulkan/VkPhysicalDevice.cpp:649 WARNING: UNSUPPORTED: curExtension->sType: 1000437000
../../third_party/SwiftShader/src/Vulkan/VkPhysicalDevice.cpp:649 WARNING: UNSUPPORTED: curExtension->sType: 1000338000
../../third_party/SwiftShader/src/Vulkan/VkPhysicalDevice.cpp:649 WARNING: UNSUPPORTED: curExtension->sType: 1000437000
../../third_party/SwiftShader/src/Vulkan/VkPhysicalDevice.cpp:649 WARNING: UNSUPPORTED: curExtension->sType: 1000338000
../../third_party/SwiftShader/src/Vulkan/VkPhysicalDevice.cpp:649 WARNING: UNSUPPORTED: curExtension->sType: 1000437000
../../third_party/SwiftShader/src/Vulkan/VkPhysicalDevice.cpp:649 WARNING: UNSUPPORTED: curExtension->sType: 1000338000
../../third_party/SwiftShader/src/Vulkan/VkPhysicalDevice.cpp:649 WARNING: UNSUPPORTED: curExtension->sType: 1000437000
INFO         | Destroyed VkDevice:0x7fb4b773b010
INFO         | Destroyed VkInstance:0x7fb4e900c000 for application:'Chromium' engine:''.
INFO         | Created VkInstance:0x7fb4e4c56600 for application:'Chromium' engine:''.
../../third_party/SwiftShader/src/Vulkan/VkPhysicalDevice.cpp:649 WARNING: UNSUPPORTED: curExtension->sType: 1000338000
../../third_party/SwiftShader/src/Vulkan/VkPhysicalDevice.cpp:649 WARNING: UNSUPPORTED: curExtension->sType: 1000437000
../../third_party/SwiftShader/src/Vulkan/VkPhysicalDevice.cpp:649 WARNING: UNSUPPORTED: curExtension->sType: 1000338000
../../third_party/SwiftShader/src/Vulkan/VkPhysicalDevice.cpp:649 WARNING: UNSUPPORTED: curExtension->sType: 1000437000
../../third_party/SwiftShader/src/Vulkan/VkPhysicalDevice.cpp:649 WARNING: UNSUPPORTED: curExtension->sType: 1000338000
../../third_party/SwiftShader/src/Vulkan/VkPhysicalDevice.cpp:649 WARNING: UNSUPPORTED: curExtension->sType: 1000437000
../../third_party/SwiftShader/src/Vulkan/VkPhysicalDevice.cpp:649 WARNING: UNSUPPORTED: curExtension->sType: 1000338000
../../third_party/SwiftShader/src/Vulkan/VkPhysicalDevice.cpp:649 WARNING: UNSUPPORTED: curExtension->sType: 1000437000
../../third_party/SwiftShader/src/Vulkan/VkPhysicalDevice.cpp:649 WARNING: UNSUPPORTED: curExtension->sType: 1000338000
../../third_party/SwiftShader/src/Vulkan/VkPhysicalDevice.cpp:649 WARNING: UNSUPPORTED: curExtension->sType: 1000437000
../../third_party/SwiftShader/src/Vulkan/VkPhysicalDevice.cpp:649 WARNING: UNSUPPORTED: curExtension->sType: 1000338000
../../third_party/SwiftShader/src/Vulkan/VkPhysicalDevice.cpp:649 WARNING: UNSUPPORTED: curExtension->sType: 1000437000
../../third_party/SwiftShader/src/Vulkan/VkPhysicalDevice.cpp:649 WARNING: UNSUPPORTED: curExtension->sType: 1000338000
../../third_party/SwiftShader/src/Vulkan/VkPhysicalDevice.cpp:649 WARNING: UNSUPPORTED: curExtension->sType: 1000437000
../../third_party/SwiftShader/src/Vulkan/VkPhysicalDevice.cpp:649 WARNING: UNSUPPORTED: curExtension->sType: 1000338000
../../third_party/SwiftShader/src/Vulkan/VkPhysicalDevice.cpp:649 WARNING: UNSUPPORTED: curExtension->sType: 1000437000
../../third_party/SwiftShader/src/Vulkan/VkPhysicalDevice.cpp:649 WARNING: UNSUPPORTED: curExtension->sType: 1000163000
../../third_party/SwiftShader/src/Vulkan/libVulkan.cpp:1129 WARNING: UNSUPPORTED: pCreateInfo->pNext sType = 1000163000
INFO         | Created VkDevice:0x7fb4b76d2010 for application:'Chromium' instance:0x7fb4e4c56600. ASTC emulation:on CPU decoding:off.
../../third_party/SwiftShader/src/Vulkan/VkPhysicalDevice.cpp:649 WARNING: UNSUPPORTED: curExtension->sType: 1000338000
../../third_party/SwiftShader/src/Vulkan/VkPhysicalDevice.cpp:649 WARNING: UNSUPPORTED: curExtension->sType: 1000437000
../../third_party/SwiftShader/src/Vulkan/VkPhysicalDevice.cpp:649 WARNING: UNSUPPORTED: curExtension->sType: 1000338000
../../third_party/SwiftShader/src/Vulkan/VkPhysicalDevice.cpp:649 WARNING: UNSUPPORTED: curExtension->sType: 1000437000
../../third_party/SwiftShader/src/Vulkan/VkPhysicalDevice.cpp:649 WARNING: UNSUPPORTED: curExtension->sType: 1000338000
../../third_party/SwiftShader/src/Vulkan/VkPhysicalDevice.cpp:649 WARNING: UNSUPPORTED: curExtension->sType: 1000437000
../../third_party/SwiftShader/src/Vulkan/VkPhysicalDevice.cpp:649 WARNING: UNSUPPORTED: curExtension->sType: 1000338000
../../third_party/SwiftShader/src/Vulkan/VkPhysicalDevice.cpp:649 WARNING: UNSUPPORTED: curExtension->sType: 1000437000
INFO         | Destroyed VkDevice:0x7fb4b76d2010
INFO         | Destroyed VkInstance:0x7fb4e4c56600 for application:'Chromium' engine:''.
INFO         | Created VkInstance:0x7fb4e960b000 for application:'Chromium' engine:''.
../../third_party/SwiftShader/src/Vulkan/VkPhysicalDevice.cpp:649 WARNING: UNSUPPORTED: curExtension->sType: 1000338000
../../third_party/SwiftShader/src/Vulkan/VkPhysicalDevice.cpp:649 WARNING: UNSUPPORTED: curExtension->sType: 1000437000
../../third_party/SwiftShader/src/Vulkan/VkPhysicalDevice.cpp:649 WARNING: UNSUPPORTED: curExtension->sType: 1000338000
../../third_party/SwiftShader/src/Vulkan/VkPhysicalDevice.cpp:649 WARNING: UNSUPPORTED: curExtension->sType: 1000437000
../../third_party/SwiftShader/src/Vulkan/VkPhysicalDevice.cpp:649 WARNING: UNSUPPORTED: curExtension->sType: 1000338000
../../third_party/SwiftShader/src/Vulkan/VkPhysicalDevice.cpp:649 WARNING: UNSUPPORTED: curExtension->sType: 1000437000
../../third_party/SwiftShader/src/Vulkan/VkPhysicalDevice.cpp:649 WARNING: UNSUPPORTED: curExtension->sType: 1000338000
../../third_party/SwiftShader/src/Vulkan/VkPhysicalDevice.cpp:649 WARNING: UNSUPPORTED: curExtension->sType: 1000437000
../../third_party/SwiftShader/src/Vulkan/VkPhysicalDevice.cpp:649 WARNING: UNSUPPORTED: curExtension->sType: 1000338000
../../third_party/SwiftShader/src/Vulkan/VkPhysicalDevice.cpp:649 WARNING: UNSUPPORTED: curExtension->sType: 1000437000
../../third_party/SwiftShader/src/Vulkan/VkPhysicalDevice.cpp:649 WARNING: UNSUPPORTED: curExtension->sType: 1000338000
../../third_party/SwiftShader/src/Vulkan/VkPhysicalDevice.cpp:649 WARNING: UNSUPPORTED: curExtension->sType: 1000437000
../../third_party/SwiftShader/src/Vulkan/VkPhysicalDevice.cpp:649 WARNING: UNSUPPORTED: curExtension->sType: 1000338000
../../third_party/SwiftShader/src/Vulkan/VkPhysicalDevice.cpp:649 WARNING: UNSUPPORTED: curExtension->sType: 1000437000
../../third_party/SwiftShader/src/Vulkan/VkPhysicalDevice.cpp:649 WARNING: UNSUPPORTED: curExtension->sType: 1000338000
../../third_party/SwiftShader/src/Vulkan/VkPhysicalDevice.cpp:649 WARNING: UNSUPPORTED: curExtension->sType: 1000437000
../../third_party/SwiftShader/src/Vulkan/VkPhysicalDevice.cpp:649 WARNING: UNSUPPORTED: curExtension->sType: 1000163000
../../third_party/SwiftShader/src/Vulkan/libVulkan.cpp:1129 WARNING: UNSUPPORTED: pCreateInfo->pNext sType = 1000163000
INFO         | Created VkDevice:0x7fb4b74a2010 for application:'Chromium' instance:0x7fb4e960b000. ASTC emulation:on CPU decoding:off.
../../third_party/SwiftShader/src/Vulkan/VkPhysicalDevice.cpp:649 WARNING: UNSUPPORTED: curExtension->sType: 1000338000
../../third_party/SwiftShader/src/Vulkan/VkPhysicalDevice.cpp:649 WARNING: UNSUPPORTED: curExtension->sType: 1000437000
../../third_party/SwiftShader/src/Vulkan/VkPhysicalDevice.cpp:649 WARNING: UNSUPPORTED: curExtension->sType: 1000338000
../../third_party/SwiftShader/src/Vulkan/VkPhysicalDevice.cpp:649 WARNING: UNSUPPORTED: curExtension->sType: 1000437000
../../third_party/SwiftShader/src/Vulkan/VkPhysicalDevice.cpp:649 WARNING: UNSUPPORTED: curExtension->sType: 1000338000
../../third_party/SwiftShader/src/Vulkan/VkPhysicalDevice.cpp:649 WARNING: UNSUPPORTED: curExtension->sType: 1000437000
../../third_party/SwiftShader/src/Vulkan/VkPhysicalDevice.cpp:649 WARNING: UNSUPPORTED: curExtension->sType: 1000338000
../../third_party/SwiftShader/src/Vulkan/VkPhysicalDevice.cpp:649 WARNING: UNSUPPORTED: curExtension->sType: 1000437000
INFO         | Destroyed VkDevice:0x7fb4b74a2010
INFO         | Destroyed VkInstance:0x7fb4e960b000 for application:'Chromium' engine:''.
INFO         | Created VkInstance:0x7fb4e4c56600 for application:'Chromium' engine:''.
../../third_party/SwiftShader/src/Vulkan/VkPhysicalDevice.cpp:649 WARNING: UNSUPPORTED: curExtension->sType: 1000338000
../../third_party/SwiftShader/src/Vulkan/VkPhysicalDevice.cpp:649 WARNING: UNSUPPORTED: curExtension->sType: 1000437000
../../third_party/SwiftShader/src/Vulkan/VkPhysicalDevice.cpp:649 WARNING: UNSUPPORTED: curExtension->sType: 1000338000
../../third_party/SwiftShader/src/Vulkan/VkPhysicalDevice.cpp:649 WARNING: UNSUPPORTED: curExtension->sType: 1000437000
../../third_party/SwiftShader/src/Vulkan/VkPhysicalDevice.cpp:649 WARNING: UNSUPPORTED: curExtension->sType: 1000338000
../../third_party/SwiftShader/src/Vulkan/VkPhysicalDevice.cpp:649 WARNING: UNSUPPORTED: curExtension->sType: 1000437000
../../third_party/SwiftShader/src/Vulkan/VkPhysicalDevice.cpp:649 WARNING: UNSUPPORTED: curExtension->sType: 1000338000
../../third_party/SwiftShader/src/Vulkan/VkPhysicalDevice.cpp:649 WARNING: UNSUPPORTED: curExtension->sType: 1000437000
../../third_party/SwiftShader/src/Vulkan/VkPhysicalDevice.cpp:649 WARNING: UNSUPPORTED: curExtension->sType: 1000338000
../../third_party/SwiftShader/src/Vulkan/VkPhysicalDevice.cpp:649 WARNING: UNSUPPORTED: curExtension->sType: 1000437000
../../third_party/SwiftShader/src/Vulkan/VkPhysicalDevice.cpp:649 WARNING: UNSUPPORTED: curExtension->sType: 1000338000
../../third_party/SwiftShader/src/Vulkan/VkPhysicalDevice.cpp:649 WARNING: UNSUPPORTED: curExtension->sType: 1000437000
../../third_party/SwiftShader/src/Vulkan/VkPhysicalDevice.cpp:649 WARNING: UNSUPPORTED: curExtension->sType: 1000338000
../../third_party/SwiftShader/src/Vulkan/VkPhysicalDevice.cpp:649 WARNING: UNSUPPORTED: curExtension->sType: 1000437000
../../third_party/SwiftShader/src/Vulkan/VkPhysicalDevice.cpp:649 WARNING: UNSUPPORTED: curExtension->sType: 1000338000
../../third_party/SwiftShader/src/Vulkan/VkPhysicalDevice.cpp:649 WARNING: UNSUPPORTED: curExtension->sType: 1000437000
../../third_party/SwiftShader/src/Vulkan/VkPhysicalDevice.cpp:649 WARNING: UNSUPPORTED: curExtension->sType: 1000163000
../../third_party/SwiftShader/src/Vulkan/libVulkan.cpp:1129 WARNING: UNSUPPORTED: pCreateInfo->pNext sType = 1000163000
INFO         | Created VkDevice:0x7fb4b75f8010 for application:'Chromium' instance:0x7fb4e4c56600. ASTC emulation:on CPU decoding:off.
../../third_party/SwiftShader/src/Vulkan/VkPhysicalDevice.cpp:649 WARNING: UNSUPPORTED: curExtension->sType: 1000338000
../../third_party/SwiftShader/src/Vulkan/VkPhysicalDevice.cpp:649 WARNING: UNSUPPORTED: curExtension->sType: 1000437000
../../third_party/SwiftShader/src/Vulkan/VkPhysicalDevice.cpp:649 WARNING: UNSUPPORTED: curExtension->sType: 1000338000
../../third_party/SwiftShader/src/Vulkan/VkPhysicalDevice.cpp:649 WARNING: UNSUPPORTED: curExtension->sType: 1000437000
../../third_party/SwiftShader/src/Vulkan/VkPhysicalDevice.cpp:649 WARNING: UNSUPPORTED: curExtension->sType: 1000338000
../../third_party/SwiftShader/src/Vulkan/VkPhysicalDevice.cpp:649 WARNING: UNSUPPORTED: curExtension->sType: 1000437000
../../third_party/SwiftShader/src/Vulkan/VkPhysicalDevice.cpp:649 WARNING: UNSUPPORTED: curExtension->sType: 1000338000
../../third_party/SwiftShader/src/Vulkan/VkPhysicalDevice.cpp:649 WARNING: UNSUPPORTED: curExtension->sType: 1000437000
INFO         | Destroyed VkDevice:0x7fb4b75f8010
INFO         | Destroyed VkInstance:0x7fb4e4c56600 for application:'Chromium' engine:''.
INFO         | Created VkInstance:0x7fb4eb922200 for application:'Chromium' engine:''.
../../third_party/SwiftShader/src/Vulkan/VkPhysicalDevice.cpp:649 WARNING: UNSUPPORTED: curExtension->sType: 1000338000
../../third_party/SwiftShader/src/Vulkan/VkPhysicalDevice.cpp:649 WARNING: UNSUPPORTED: curExtension->sType: 1000437000
../../third_party/SwiftShader/src/Vulkan/VkPhysicalDevice.cpp:649 WARNING: UNSUPPORTED: curExtension->sType: 1000338000
../../third_party/SwiftShader/src/Vulkan/VkPhysicalDevice.cpp:649 WARNING: UNSUPPORTED: curExtension->sType: 1000437000
../../third_party/SwiftShader/src/Vulkan/VkPhysicalDevice.cpp:649 WARNING: UNSUPPORTED: curExtension->sType: 1000338000
../../third_party/SwiftShader/src/Vulkan/VkPhysicalDevice.cpp:649 WARNING: UNSUPPORTED: curExtension->sType: 1000437000
../../third_party/SwiftShader/src/Vulkan/VkPhysicalDevice.cpp:649 WARNING: UNSUPPORTED: curExtension->sType: 1000338000
../../third_party/SwiftShader/src/Vulkan/VkPhysicalDevice.cpp:649 WARNING: UNSUPPORTED: curExtension->sType: 1000437000
../../third_party/SwiftShader/src/Vulkan/VkPhysicalDevice.cpp:649 WARNING: UNSUPPORTED: curExtension->sType: 1000338000
../../third_party/SwiftShader/src/Vulkan/VkPhysicalDevice.cpp:649 WARNING: UNSUPPORTED: curExtension->sType: 1000437000
../../third_party/SwiftShader/src/Vulkan/VkPhysicalDevice.cpp:649 WARNING: UNSUPPORTED: curExtension->sType: 1000338000
../../third_party/SwiftShader/src/Vulkan/VkPhysicalDevice.cpp:649 WARNING: UNSUPPORTED: curExtension->sType: 1000437000
../../third_party/SwiftShader/src/Vulkan/VkPhysicalDevice.cpp:649 WARNING: UNSUPPORTED: curExtension->sType: 1000338000
../../third_party/SwiftShader/src/Vulkan/VkPhysicalDevice.cpp:649 WARNING: UNSUPPORTED: curExtension->sType: 1000437000
../../third_party/SwiftShader/src/Vulkan/VkPhysicalDevice.cpp:649 WARNING: UNSUPPORTED: curExtension->sType: 1000338000
../../third_party/SwiftShader/src/Vulkan/VkPhysicalDevice.cpp:649 WARNING: UNSUPPORTED: curExtension->sType: 1000437000
../../third_party/SwiftShader/src/Vulkan/VkPhysicalDevice.cpp:649 WARNING: UNSUPPORTED: curExtension->sType: 1000163000
../../third_party/SwiftShader/src/Vulkan/libVulkan.cpp:1129 WARNING: UNSUPPORTED: pCreateInfo->pNext sType = 1000163000
INFO         | Created VkDevice:0x7fb4b75f8010 for application:'Chromium' instance:0x7fb4eb922200. ASTC emulation:on CPU decoding:off.
../../third_party/SwiftShader/src/Vulkan/VkPhysicalDevice.cpp:649 WARNING: UNSUPPORTED: curExtension->sType: 1000338000
../../third_party/SwiftShader/src/Vulkan/VkPhysicalDevice.cpp:649 WARNING: UNSUPPORTED: curExtension->sType: 1000437000
../../third_party/SwiftShader/src/Vulkan/VkPhysicalDevice.cpp:649 WARNING: UNSUPPORTED: curExtension->sType: 1000338000
../../third_party/SwiftShader/src/Vulkan/VkPhysicalDevice.cpp:649 WARNING: UNSUPPORTED: curExtension->sType: 1000437000
../../third_party/SwiftShader/src/Vulkan/VkPhysicalDevice.cpp:649 WARNING: UNSUPPORTED: curExtension->sType: 1000338000
../../third_party/SwiftShader/src/Vulkan/VkPhysicalDevice.cpp:649 WARNING: UNSUPPORTED: curExtension->sType: 1000437000
../../third_party/SwiftShader/src/Vulkan/VkPhysicalDevice.cpp:649 WARNING: UNSUPPORTED: curExtension->sType: 1000338000
../../third_party/SwiftShader/src/Vulkan/VkPhysicalDevice.cpp:649 WARNING: UNSUPPORTED: curExtension->sType: 1000437000
INFO         | Destroyed VkDevice:0x7fb4b75f8010
INFO         | Destroyed VkInstance:0x7fb4eb922200 for application:'Chromium' engine:''.
INFO         | Created VkInstance:0x7fb4e85f9800 for application:'Chromium' engine:''.
../../third_party/SwiftShader/src/Vulkan/VkPhysicalDevice.cpp:649 WARNING: UNSUPPORTED: curExtension->sType: 1000338000
../../third_party/SwiftShader/src/Vulkan/VkPhysicalDevice.cpp:649 WARNING: UNSUPPORTED: curExtension->sType: 1000437000
../../third_party/SwiftShader/src/Vulkan/VkPhysicalDevice.cpp:649 WARNING: UNSUPPORTED: curExtension->sType: 1000338000
../../third_party/SwiftShader/src/Vulkan/VkPhysicalDevice.cpp:649 WARNING: UNSUPPORTED: curExtension->sType: 1000437000
../../third_party/SwiftShader/src/Vulkan/VkPhysicalDevice.cpp:649 WARNING: UNSUPPORTED: curExtension->sType: 1000338000
../../third_party/SwiftShader/src/Vulkan/VkPhysicalDevice.cpp:649 WARNING: UNSUPPORTED: curExtension->sType: 1000437000
../../third_party/SwiftShader/src/Vulkan/VkPhysicalDevice.cpp:649 WARNING: UNSUPPORTED: curExtension->sType: 1000338000
../../third_party/SwiftShader/src/Vulkan/VkPhysicalDevice.cpp:649 WARNING: UNSUPPORTED: curExtension->sType: 1000437000
../../third_party/SwiftShader/src/Vulkan/VkPhysicalDevice.cpp:649 WARNING: UNSUPPORTED: curExtension->sType: 1000338000
../../third_party/SwiftShader/src/Vulkan/VkPhysicalDevice.cpp:649 WARNING: UNSUPPORTED: curExtension->sType: 1000437000
../../third_party/SwiftShader/src/Vulkan/VkPhysicalDevice.cpp:649 WARNING: UNSUPPORTED: curExtension->sType: 1000338000
../../third_party/SwiftShader/src/Vulkan/VkPhysicalDevice.cpp:649 WARNING: UNSUPPORTED: curExtension->sType: 1000437000
../../third_party/SwiftShader/src/Vulkan/VkPhysicalDevice.cpp:649 WARNING: UNSUPPORTED: curExtension->sType: 1000338000
../../third_party/SwiftShader/src/Vulkan/VkPhysicalDevice.cpp:649 WARNING: UNSUPPORTED: curExtension->sType: 1000437000
../../third_party/SwiftShader/src/Vulkan/VkPhysicalDevice.cpp:649 WARNING: UNSUPPORTED: curExtension->sType: 1000338000
../../third_party/SwiftShader/src/Vulkan/VkPhysicalDevice.cpp:649 WARNING: UNSUPPORTED: curExtension->sType: 1000437000
../../third_party/SwiftShader/src/Vulkan/VkPhysicalDevice.cpp:649 WARNING: UNSUPPORTED: curExtension->sType: 1000163000
../../third_party/SwiftShader/src/Vulkan/libVulkan.cpp:1129 WARNING: UNSUPPORTED: pCreateInfo->pNext sType = 1000163000
INFO         | Created VkDevice:0x7fb4b7696010 for application:'Chromium' instance:0x7fb4e85f9800. ASTC emulation:on CPU decoding:off.
../../third_party/SwiftShader/src/Vulkan/VkPhysicalDevice.cpp:649 WARNING: UNSUPPORTED: curExtension->sType: 1000338000
../../third_party/SwiftShader/src/Vulkan/VkPhysicalDevice.cpp:649 WARNING: UNSUPPORTED: curExtension->sType: 1000437000
../../third_party/SwiftShader/src/Vulkan/VkPhysicalDevice.cpp:649 WARNING: UNSUPPORTED: curExtension->sType: 1000338000
../../third_party/SwiftShader/src/Vulkan/VkPhysicalDevice.cpp:649 WARNING: UNSUPPORTED: curExtension->sType: 1000437000
../../third_party/SwiftShader/src/Vulkan/VkPhysicalDevice.cpp:649 WARNING: UNSUPPORTED: curExtension->sType: 1000338000
../../third_party/SwiftShader/src/Vulkan/VkPhysicalDevice.cpp:649 WARNING: UNSUPPORTED: curExtension->sType: 1000437000
../../third_party/SwiftShader/src/Vulkan/VkPhysicalDevice.cpp:649 WARNING: UNSUPPORTED: curExtension->sType: 1000338000
../../third_party/SwiftShader/src/Vulkan/VkPhysicalDevice.cpp:649 WARNING: UNSUPPORTED: curExtension->sType: 1000437000
INFO         | Destroyed VkDevice:0x7fb4b7696010
INFO         | Destroyed VkInstance:0x7fb4e85f9800 for application:'Chromium' engine:''.
